<?xml version="1.0" encoding="UTF-8"?>
<robot generator="Robot 5.0.1 (Python 3.9.7 on win32)" generated="20220630 23:49:56.725" rpa="false" schemaversion="3">
<suite id="s1" name="Tests" source="C:\Users\byuks\Desktop\QA\QA-Test-Automation-Baykar\tests">
<suite id="s1-s1" name="Kariyer.Baykartech" source="C:\Users\byuks\Desktop\QA\QA-Test-Automation-Baykar\tests\Kariyer.Baykartech.robot">
<test id="s1-s1-t1" name="Visitor should be able click and see all &quot;Footer&quot; elements" line="65">
<kw name="Start Baykar Web Test" library="Common" type="SETUP">
<arg>${BROWSER}</arg>
<kw name="Open Browser" library="SeleniumLibrary">
<arg>about:blank</arg>
<arg>${BROWSER}</arg>
<doc>Opens a new browser instance to the optional ``url``.</doc>
<msg timestamp="20220630 23:49:56.953" level="INFO">Opening browser 'firefox' to base url 'about:blank'.</msg>
<msg timestamp="20220630 23:49:56.954" level="INFO">Firefox driver log is always forced to to: C:\Users\byuks\Desktop\QA\QA-Test-Automation-Baykar\results\geckodriver-17.log</msg>
<status status="PASS" starttime="20220630 23:49:56.953" endtime="20220630 23:50:01.884"/>
</kw>
<kw name="Maximize Browser Window" library="SeleniumLibrary">
<doc>Maximizes current browser window.</doc>
<status status="PASS" starttime="20220630 23:50:01.884" endtime="20220630 23:50:02.146"/>
</kw>
<status status="PASS" starttime="20220630 23:49:56.953" endtime="20220630 23:50:02.146"/>
</kw>
<kw name="Open Website" library="Common">
<arg>${SITE_URL}${RUN_LANG}</arg>
<kw name="Go To" library="SeleniumLibrary">
<arg>${SITE_URL}\/</arg>
<doc>Navigates the current browser window to the provided ``url``.</doc>
<msg timestamp="20220630 23:50:02.148" level="INFO">Opening url 'https://kariyer.baykartech.com/tr/'</msg>
<status status="PASS" starttime="20220630 23:50:02.147" endtime="20220630 23:50:10.163"/>
</kw>
<status status="PASS" starttime="20220630 23:50:02.147" endtime="20220630 23:50:10.164"/>
</kw>
<kw name="Verify Page Loaded" library="Common">
<arg>${RUN_LANG}</arg>
<doc>Verify all pages successfully loaded</doc>
<kw name="Wait Until Element Is Enabled" library="SeleniumLibrary">
<arg>${BAYKAR_LOGO_${LANG}}</arg>
<doc>Waits until the element ``locator`` is enabled.</doc>
<status status="PASS" starttime="20220630 23:50:10.164" endtime="20220630 23:50:10.202"/>
</kw>
<kw name="Wait Until Element Is Not Visible" library="SeleniumLibrary">
<arg>${PRE_LOADER}</arg>
<doc>Waits until the element ``locator`` is not visible.</doc>
<status status="PASS" starttime="20220630 23:50:10.202" endtime="20220630 23:50:10.872"/>
</kw>
<kw name="Sleep" library="BuiltIn">
<arg>1s</arg>
<doc>Pauses the test executed for the given time.</doc>
<msg timestamp="20220630 23:50:11.886" level="INFO">Slept 1 second</msg>
<status status="PASS" starttime="20220630 23:50:10.872" endtime="20220630 23:50:11.886"/>
</kw>
<status status="PASS" starttime="20220630 23:50:10.164" endtime="20220630 23:50:11.886"/>
</kw>
<kw name="Navigate &quot;Footer&quot; Elements" library="Kariyer.Baykartech.App">
<arg>${RUN_LANG}</arg>
<kw name="Scroll to end of the page" library="Footer">
<kw name="Run Keyword And Ignore Error" library="BuiltIn">
<arg>Scroll Element Into View</arg>
<arg>${PAGE_END}</arg>
<doc>Runs the given keyword with the given arguments and ignores possible error.</doc>
<kw name="Scroll Element Into View" library="SeleniumLibrary">
<arg>${PAGE_END}</arg>
<doc>Scrolls the element identified by ``locator`` into view.</doc>
<msg timestamp="20220630 23:50:12.069" level="INFO" html="true">&lt;/td&gt;&lt;/tr&gt;&lt;tr&gt;&lt;td colspan="3"&gt;&lt;a href="selenium-screenshot-39.png"&gt;&lt;img src="selenium-screenshot-39.png" width="800px"&gt;&lt;/a&gt;</msg>
<msg timestamp="20220630 23:50:12.069" level="FAIL">MoveTargetOutOfBoundsException: Message: (475, 2686) is out of bounds of viewport width (1536) and height (731)
Stacktrace:
WebDriverError@chrome://remote/content/shared/webdriver/Errors.jsm:186:5
MoveTargetOutOfBoundsError@chrome://remote/content/shared/webdriver/Errors.jsm:376:5
dispatchPointerMove/&lt;@chrome://remote/content/marionette/action.js:1120:13
dispatchPointerMove@chrome://remote/content/marionette/action.js:1111:10
toEvents/&lt;@chrome://remote/content/marionette/action.js:870:16
action.dispatchTickActions@chrome://remote/content/marionette/action.js:780:35
action.dispatch/chainEvents&lt;@chrome://remote/content/marionette/action.js:748:20
action.dispatch@chrome://remote/content/marionette/action.js:754:5
performActions@chrome://remote/content/marionette/actors/MarionetteCommandsChild.jsm:459:18
receiveMessage@chrome://remote/content/marionette/actors/MarionetteCommandsChild.jsm:144:31
</msg>
<status status="FAIL" starttime="20220630 23:50:11.888" endtime="20220630 23:50:12.071"/>
</kw>
<status status="PASS" starttime="20220630 23:50:11.888" endtime="20220630 23:50:12.071"/>
</kw>
<status status="PASS" starttime="20220630 23:50:11.887" endtime="20220630 23:50:12.071"/>
</kw>
<kw name="Navigate footer elements in loop" library="Footer">
<arg>${LANG}</arg>
<doc>Clicks all footer links by created list</doc>
<for flavor="IN ZIP">
<var>${LINK_TR}</var>
<var>${LINK_EN}</var>
<value>${FOOTER_LINKS_TR}</value>
<value>${FOOTER_LINKS_EN}</value>
<iter>
<var name="${LINK_TR}">xpath=//footer//a[.="Hakkımızda"]</var>
<var name="${LINK_EN}">xpath=//footer//a[.="About Us"]</var>
<kw name="Run Keyword If" library="BuiltIn">
<arg>"${LANG}" == "tr"</arg>
<arg>Click Link</arg>
<arg>${LINK_TR}</arg>
<arg>ELSE IF</arg>
<arg>"${LANG}" == "en"</arg>
<arg>Click Link</arg>
<arg>${LINK_EN}</arg>
<doc>Runs the given keyword with the given arguments, if ``condition`` is true.</doc>
<kw name="Click Link" library="SeleniumLibrary">
<arg>${LINK_TR}</arg>
<doc>Clicks a link identified by ``locator``.</doc>
<msg timestamp="20220630 23:50:12.072" level="INFO">Clicking link 'xpath=//footer//a[.="Hakkımızda"]'.</msg>
<status status="PASS" starttime="20220630 23:50:12.072" endtime="20220630 23:50:13.154"/>
</kw>
<status status="PASS" starttime="20220630 23:50:12.072" endtime="20220630 23:50:13.155"/>
</kw>
<kw name="Go Back" library="SeleniumLibrary">
<doc>Simulates the user clicking the back button on their browser.</doc>
<status status="PASS" starttime="20220630 23:50:13.155" endtime="20220630 23:50:13.614"/>
</kw>
<kw name="Wait Until Element Is Visible" library="SeleniumLibrary">
<arg>${PAGE_END}</arg>
<doc>Waits until the element ``locator`` is visible.</doc>
<status status="PASS" starttime="20220630 23:50:13.614" endtime="20220630 23:50:13.658"/>
</kw>
<kw name="Run Keyword" library="BuiltIn">
<arg>Scroll to end of the page</arg>
<doc>Executes the given keyword with the given arguments.</doc>
<kw name="Scroll to end of the page" library="Footer">
<kw name="Run Keyword And Ignore Error" library="BuiltIn">
<arg>Scroll Element Into View</arg>
<arg>${PAGE_END}</arg>
<doc>Runs the given keyword with the given arguments and ignores possible error.</doc>
<kw name="Scroll Element Into View" library="SeleniumLibrary">
<arg>${PAGE_END}</arg>
<doc>Scrolls the element identified by ``locator`` into view.</doc>
<msg timestamp="20220630 23:50:13.739" level="INFO" html="true">&lt;/td&gt;&lt;/tr&gt;&lt;tr&gt;&lt;td colspan="3"&gt;&lt;a href="selenium-screenshot-40.png"&gt;&lt;img src="selenium-screenshot-40.png" width="800px"&gt;&lt;/a&gt;</msg>
<msg timestamp="20220630 23:50:13.740" level="FAIL">MoveTargetOutOfBoundsException: Message: (475, 877) is out of bounds of viewport width (1536) and height (731)
Stacktrace:
WebDriverError@chrome://remote/content/shared/webdriver/Errors.jsm:186:5
MoveTargetOutOfBoundsError@chrome://remote/content/shared/webdriver/Errors.jsm:376:5
dispatchPointerMove/&lt;@chrome://remote/content/marionette/action.js:1120:13
dispatchPointerMove@chrome://remote/content/marionette/action.js:1111:10
toEvents/&lt;@chrome://remote/content/marionette/action.js:870:16
action.dispatchTickActions@chrome://remote/content/marionette/action.js:780:35
action.dispatch/chainEvents&lt;@chrome://remote/content/marionette/action.js:748:20
action.dispatch@chrome://remote/content/marionette/action.js:754:5
performActions@chrome://remote/content/marionette/actors/MarionetteCommandsChild.jsm:459:18
receiveMessage@chrome://remote/content/marionette/actors/MarionetteCommandsChild.jsm:144:31
</msg>
<status status="FAIL" starttime="20220630 23:50:13.659" endtime="20220630 23:50:13.740"/>
</kw>
<status status="PASS" starttime="20220630 23:50:13.659" endtime="20220630 23:50:13.740"/>
</kw>
<status status="PASS" starttime="20220630 23:50:13.659" endtime="20220630 23:50:13.740"/>
</kw>
<status status="PASS" starttime="20220630 23:50:13.658" endtime="20220630 23:50:13.740"/>
</kw>
<status status="PASS" starttime="20220630 23:50:12.072" endtime="20220630 23:50:13.740"/>
</iter>
<iter>
<var name="${LINK_TR}">xpath=//footer//a[.="Yönetim"]</var>
<var name="${LINK_EN}">xpath=//footer//a[.="Management"]</var>
<kw name="Run Keyword If" library="BuiltIn">
<arg>"${LANG}" == "tr"</arg>
<arg>Click Link</arg>
<arg>${LINK_TR}</arg>
<arg>ELSE IF</arg>
<arg>"${LANG}" == "en"</arg>
<arg>Click Link</arg>
<arg>${LINK_EN}</arg>
<doc>Runs the given keyword with the given arguments, if ``condition`` is true.</doc>
<kw name="Click Link" library="SeleniumLibrary">
<arg>${LINK_TR}</arg>
<doc>Clicks a link identified by ``locator``.</doc>
<msg timestamp="20220630 23:50:13.741" level="INFO">Clicking link 'xpath=//footer//a[.="Yönetim"]'.</msg>
<msg timestamp="20220630 23:50:13.836" level="INFO" html="true">&lt;/td&gt;&lt;/tr&gt;&lt;tr&gt;&lt;td colspan="3"&gt;&lt;a href="selenium-screenshot-41.png"&gt;&lt;img src="selenium-screenshot-41.png" width="800px"&gt;&lt;/a&gt;</msg>
<msg timestamp="20220630 23:50:13.836" level="FAIL">ElementClickInterceptedException: Message: Element &lt;a href="https://www.baykartech.com/tr/yonetim/"&gt; is not clickable at point (616,721) because another element &lt;div class="se-pre-con"&gt; obscures it
Stacktrace:
WebDriverError@chrome://remote/content/shared/webdriver/Errors.jsm:186:5
ElementClickInterceptedError@chrome://remote/content/shared/webdriver/Errors.jsm:285:5
webdriverClickElement@chrome://remote/content/marionette/interaction.js:166:11
interaction.clickElement@chrome://remote/content/marionette/interaction.js:125:11
clickElement@chrome://remote/content/marionette/actors/MarionetteCommandsChild.jsm:203:24
receiveMessage@chrome://remote/content/marionette/actors/MarionetteCommandsChild.jsm:91:31
</msg>
<status status="FAIL" starttime="20220630 23:50:13.741" endtime="20220630 23:50:13.837"/>
</kw>
<status status="FAIL" starttime="20220630 23:50:13.741" endtime="20220630 23:50:13.837"/>
</kw>
<kw name="Go Back" library="SeleniumLibrary">
<doc>Simulates the user clicking the back button on their browser.</doc>
<status status="NOT RUN" starttime="20220630 23:50:13.838" endtime="20220630 23:50:13.838"/>
</kw>
<kw name="Wait Until Element Is Visible" library="SeleniumLibrary">
<arg>${PAGE_END}</arg>
<doc>Waits until the element ``locator`` is visible.</doc>
<status status="NOT RUN" starttime="20220630 23:50:13.838" endtime="20220630 23:50:13.838"/>
</kw>
<kw name="Run Keyword" library="BuiltIn">
<arg>Scroll to end of the page</arg>
<doc>Executes the given keyword with the given arguments.</doc>
<status status="NOT RUN" starttime="20220630 23:50:13.838" endtime="20220630 23:50:13.838"/>
</kw>
<status status="FAIL" starttime="20220630 23:50:13.740" endtime="20220630 23:50:13.838"/>
</iter>
<status status="FAIL" starttime="20220630 23:50:12.072" endtime="20220630 23:50:13.838"/>
</for>
<status status="FAIL" starttime="20220630 23:50:12.071" endtime="20220630 23:50:13.839"/>
</kw>
<status status="FAIL" starttime="20220630 23:50:11.887" endtime="20220630 23:50:13.839"/>
</kw>
<kw name="End Baykar Web Test" library="Common" type="TEARDOWN">
<kw name="Close Browser" library="SeleniumLibrary">
<doc>Closes the current browser.</doc>
<status status="PASS" starttime="20220630 23:50:13.841" endtime="20220630 23:50:14.524"/>
</kw>
<status status="PASS" starttime="20220630 23:50:13.841" endtime="20220630 23:50:14.524"/>
</kw>
<doc>All visitors should be able navigate footer links</doc>
<tag>Footer</tag>
<tag>Smoke</tag>
<status status="FAIL" starttime="20220630 23:49:56.952" endtime="20220630 23:50:14.524">ElementClickInterceptedException: Message: Element &lt;a href="https://www.baykartech.com/tr/yonetim/"&gt; is not clickable at point (616,721) because another element &lt;div class="se-pre-con"&gt; obscures it
Stacktrace:
WebDriverError@chrome://remote/content/shared/webdriver/Errors.jsm:186:5
ElementClickInterceptedError@chrome://remote/content/shared/webdriver/Errors.jsm:285:5
webdriverClickElement@chrome://remote/content/marionette/interaction.js:166:11
interaction.clickElement@chrome://remote/content/marionette/interaction.js:125:11
clickElement@chrome://remote/content/marionette/actors/MarionetteCommandsChild.jsm:203:24
receiveMessage@chrome://remote/content/marionette/actors/MarionetteCommandsChild.jsm:91:31
</status>
</test>
<doc>This test file includes all tests for *kariyer.baykartech.com*, if you wanna change Browser or Runtime Language go to *Variables* section in this file.</doc>
<status status="FAIL" starttime="20220630 23:49:56.745" endtime="20220630 23:50:14.526"/>
</suite>
<status status="FAIL" starttime="20220630 23:49:56.727" endtime="20220630 23:50:14.529"/>
</suite>
<statistics>
<total>
<stat pass="0" fail="1" skip="0">All Tests</stat>
</total>
<tag>
<stat pass="0" fail="1" skip="0">Footer</stat>
<stat pass="0" fail="1" skip="0">Smoke</stat>
</tag>
<suite>
<stat pass="0" fail="1" skip="0" id="s1" name="Tests">Tests</stat>
<stat pass="0" fail="1" skip="0" id="s1-s1" name="Kariyer.Baykartech">Tests.Kariyer.Baykartech</stat>
</suite>
</statistics>
<errors>
</errors>
</robot>
